#
# A fatal error has been detected by the Java Runtime Environment:
#
#  EXCEPTION_ACCESS_VIOLATION (0xc0000005) at pc=0x000000007411fdf0, pid=11052, tid=0x000000000000370c
#
# JRE version: Java(TM) SE Runtime Environment (8.0_162-b12) (build 1.8.0_162-b12)
# Java VM: Java HotSpot(TM) 64-Bit Server VM (25.162-b12 mixed mode windows-amd64 compressed oops)
# Problematic frame:
# V  [jvm.dll+0xafdf0]
#
# Failed to write core dump. Minidumps are not enabled by default on client versions of Windows
#
# If you would like to submit a bug report, please visit:
#   http://bugreport.java.com/bugreport/crash.jsp
#

---------------  T H R E A D  ---------------

Current thread (0x00000000051f4800):  GCTaskThread [stack: 0x00000000152a0000,0x00000000153a0000] [id=14092]

siginfo: ExceptionCode=0xc0000005, reading address 0x0000000000000130

Registers:
RAX=0x00000000153a0000, RBX=0x00000000b5acb8f0, RCX=0x00000000b5acb8f0, RDX=0x0000000000000128
RSP=0x000000001539f538, RBP=0x00000000052c4ca0, RSI=0x00000000b63d82f0, RDI=0x00000000b5acb8f0
R8 =0x00000000000ad65c, R9 =0x00000000052c4ca0, R10=0x000000000001ded0, R11=0x00000000b5acbd58
R12=0x00000000b63d8414, R13=0x000000000000004f, R14=0x00000000b63d82c8, R15=0x000000000000004f
RIP=0x000000007411fdf0, EFLAGS=0x0000000000010206

Top of Stack: (sp=0x000000001539f538)
0x000000001539f538:   000000007417b6b7 00000000b5acbd58
0x000000001539f548:   00000000052c4ca0 00000000b63d82ec
0x000000001539f558:   0000000000000003 00000000b5acb8f0
0x000000001539f568:   00000000741aabea 00000000052c4ca0
0x000000001539f578:   0000000074184c16 00000000a552a4b8
0x000000001539f588:   0008d2660000af01 00000000052c4ca0
0x000000001539f598:   00000000741aacf3 00000000051f5170
0x000000001539f5a8:   00000000051f5160 00000000051f0e20
0x000000001539f5b8:   0000000000000000 00000000052c4ca0
0x000000001539f5c8:   0000000074466347 000000002e43b890
0x000000001539f5d8:   0000000000000007 00000000746c6cd8
0x000000001539f5e8:   00000000746c6cd8 00000000db4d5408
0x000000001539f5f8:   0000000000005800 000000002e43b890
0x000000001539f608:   000000007446354e 0000000003c9b8d8
0x000000001539f618:   00000000051f4800 0000000000000000
0x000000001539f628:   00000000b63d82c8 00000000051f4800 

Instructions: (pc=0x000000007411fdf0)
0x000000007411fdd0:   6c bd 1d 00 48 8b 9c 24 d0 00 00 00 48 81 c4 c0
0x000000007411fde0:   00 00 00 5d c3 cc cc cc cc cc cc cc cc cc cc cc
0x000000007411fdf0:   44 8b 42 08 4c 8b ca 45 85 c0 7e 0e 41 f6 c0 01
0x000000007411fe00:   75 57 41 c1 f8 03 41 8b c0 c3 79 4d 80 3d ce 16 


Register to memory mapping:

RAX=0x00000000153a0000 is an unknown value
RBX=0x00000000b5acb8f0 is pointing into object: 0x00000000b5acb8d8
[C 
 - klass: {type array char}
 - length: 7
RCX=0x00000000b5acb8f0 is pointing into object: 0x00000000b5acb8d8
[C 
 - klass: {type array char}
 - length: 7
RDX=0x0000000000000128 is an unknown value
RSP=0x000000001539f538 is an unknown value
RBP=0x00000000052c4ca0 is an unknown value
RSI=0x00000000b63d82f0 is pointing into object: 0x00000000b63d82c8
[Ljava.lang.Object; 
 - klass: 'java/lang/Object'[]
 - length: 79
RDI=0x00000000b5acb8f0 is pointing into object: 0x00000000b5acb8d8
[C 
 - klass: {type array char}
 - length: 7
R8 =0x00000000000ad65c is pointing into the stack for thread: 0x00000000217d0000
R9 =0x00000000052c4ca0 is an unknown value
R10=0x000000000001ded0 is pointing into the stack for thread: 0x00000000217d0000
R11=0x00000000b5acbd58 is an oop
java.lang.String 
 - klass: 'java/lang/String'
R12=0x00000000b63d8414 is pointing into object: 0x00000000b63d82c8
[Ljava.lang.Object; 
 - klass: 'java/lang/Object'[]
 - length: 79
R13=0x000000000000004f is an unknown value
R14=0x00000000b63d82c8 is an oop
[Ljava.lang.Object; 
 - klass: 'java/lang/Object'[]
 - length: 79
R15=0x000000000000004f is an unknown value


Stack: [0x00000000152a0000,0x00000000153a0000],  sp=0x000000001539f538,  free space=1021k
Native frames: (J=compiled Java code, j=interpreted, Vv=VM code, C=native code)
V  [jvm.dll+0xafdf0]


---------------  P R O C E S S  ---------------

Java Threads: ( => current thread )
  0x000000001c869000 JavaThread "pool-43-thread-1" [_thread_blocked, id=16608, stack(0x0000000000610000,0x0000000000710000)]
  0x000000001c866000 JavaThread "ForkJoinPool.commonPool-worker-0" daemon [_thread_blocked, id=14896, stack(0x0000000000510000,0x0000000000610000)]
  0x000000001c865800 JavaThread "ForkJoinPool.commonPool-worker-7" daemon [_thread_blocked, id=15076, stack(0x0000000000410000,0x0000000000510000)]
  0x00000000283d1000 JavaThread "ForkJoinPool.commonPool-worker-6" daemon [_thread_blocked, id=16788, stack(0x0000000000310000,0x0000000000410000)]
  0x00000000283d0000 JavaThread "ForkJoinPool.commonPool-worker-5" daemon [_thread_blocked, id=16692, stack(0x0000000000210000,0x0000000000310000)]
  0x00000000283c8800 JavaThread "ForkJoinPool.commonPool-worker-4" daemon [_thread_blocked, id=3748, stack(0x0000000000110000,0x0000000000210000)]
  0x00000000217d0000 JavaThread "ForkJoinPool.commonPool-worker-3" daemon [_thread_blocked, id=17208, stack(0x0000000000010000,0x0000000000110000)]
  0x00000000217d4800 JavaThread "ForkJoinPool.commonPool-worker-2" daemon [_thread_blocked, id=17316, stack(0x000000007fdf0000,0x000000007fef0000)]
  0x00000000217cf800 JavaThread "ForkJoinPool.commonPool-worker-1" daemon [_thread_blocked, id=11880, stack(0x000000007fcf0000,0x000000007fdf0000)]
  0x00000000245c5000 JavaThread "Task worker for ':' Thread 7" [_thread_blocked, id=15884, stack(0x000000007e2f0000,0x000000007e3f0000)]
  0x00000000245bd800 JavaThread "Task worker for ':' Thread 6" [_thread_blocked, id=16916, stack(0x000000007e1f0000,0x000000007e2f0000)]
  0x00000000245c4800 JavaThread "Task worker for ':' Thread 5" [_thread_blocked, id=16584, stack(0x000000007e0f0000,0x000000007e1f0000)]
  0x00000000245c3800 JavaThread "Task worker for ':' Thread 4" [_thread_blocked, id=7916, stack(0x000000007dff0000,0x000000007e0f0000)]
  0x000000001c1e7800 JavaThread "Task worker for ':' Thread 3" [_thread_blocked, id=15776, stack(0x000000007def0000,0x000000007dff0000)]
  0x000000001c1e8800 JavaThread "Task worker for ':' Thread 2" [_thread_blocked, id=15720, stack(0x000000007ddf0000,0x000000007def0000)]
  0x000000001c1e7000 JavaThread "Task worker for ':'" [_thread_blocked, id=15512, stack(0x000000007dcf0000,0x000000007ddf0000)]
  0x000000001c1ed800 JavaThread "Cache worker for task history cache (E:\work\Android\AndroidStudioProjects\Framework\.gradle\4.1\taskHistory)" [_thread_blocked, id=14992, stack(0x000000007dbf0000,0x000000007dcf0000)]
  0x000000001c1e9000 JavaThread "Cache worker for file content cache (E:\work\Android\AndroidStudioProjects\Framework\.gradle\4.1\fileContent)" [_thread_blocked, id=16112, stack(0x000000007daf0000,0x000000007dbf0000)]
  0x000000001c1df800 JavaThread "build operations Thread 8" [_thread_blocked, id=9160, stack(0x000000007d9f0000,0x000000007daf0000)]
  0x000000001c1e6000 JavaThread "build operations Thread 7" [_thread_blocked, id=16776, stack(0x000000007d8f0000,0x000000007d9f0000)]
  0x000000001c1de800 JavaThread "build operations Thread 6" [_thread_blocked, id=16368, stack(0x000000007d7f0000,0x000000007d8f0000)]
  0x000000001c1e1000 JavaThread "build operations Thread 5" [_thread_blocked, id=1920, stack(0x000000007d6f0000,0x000000007d7f0000)]
  0x000000001c1e4000 JavaThread "build operations Thread 4" [_thread_blocked, id=15536, stack(0x000000007d5f0000,0x000000007d6f0000)]
  0x000000001c1e3000 JavaThread "build operations Thread 3" [_thread_blocked, id=16972, stack(0x000000007d4f0000,0x000000007d5f0000)]
  0x000000001c1e0000 JavaThread "build operations Thread 2" [_thread_blocked, id=13280, stack(0x000000007d3f0000,0x000000007d4f0000)]
  0x000000001c1e5800 JavaThread "build operations" [_thread_blocked, id=420, stack(0x000000007d2f0000,0x000000007d3f0000)]
  0x000000001c1e2800 JavaThread "Cache worker for Artifact transforms cache (C:\Users\zhu\.gradle\caches\transforms-1)" [_thread_blocked, id=13412, stack(0x000000007d1f0000,0x000000007d2f0000)]
  0x0000000021990800 JavaThread "Cache worker for file hash cache (E:\work\Android\AndroidStudioProjects\Framework\.gradle\4.1\fileHashes)" [_thread_blocked, id=13564, stack(0x000000007d0f0000,0x000000007d1f0000)]
  0x000000002198e000 JavaThread "Stdin handler" [_thread_blocked, id=15120, stack(0x000000007cff0000,0x000000007d0f0000)]
  0x0000000021995000 JavaThread "Asynchronous log dispatcher for DefaultDaemonConnection: socket connection from /127.0.0.1:54523 to /127.0.0.1:61866" [_thread_blocked, id=16460, stack(0x000000007cef0000,0x000000007cff0000)]
  0x0000000021992800 JavaThread "Daemon worker Thread 16" [_thread_blocked, id=16516, stack(0x000000007cdf0000,0x000000007cef0000)]
  0x0000000021988000 JavaThread "Cancel handler" [_thread_blocked, id=15344, stack(0x000000007ccf0000,0x000000007cdf0000)]
  0x000000002198a000 JavaThread "Handler for socket connection from /127.0.0.1:54523 to /127.0.0.1:61866" [_thread_in_native, id=17040, stack(0x000000007cbf0000,0x000000007ccf0000)]
  0x0000000021987000 JavaThread "Daemon Thread 16" [_thread_blocked, id=1856, stack(0x000000007caf0000,0x000000007cbf0000)]
  0x00000000217cb000 JavaThread "Memory manager" [_thread_blocked, id=10144, stack(0x0000000025f10000,0x0000000026010000)]
  0x00000000217cc800 JavaThread "pool-1-thread-1" [_thread_blocked, id=12456, stack(0x0000000025c10000,0x0000000025d10000)]
  0x000000001cedf000 JavaThread "File lock request listener" [_thread_in_native, id=13076, stack(0x000000001f9c0000,0x000000001fac0000)]
  0x000000001cee3800 JavaThread "Cache worker for file hash cache (C:\Users\zhu\.gradle\caches\4.1\fileHashes)" [_thread_blocked, id=8252, stack(0x000000001f6c0000,0x000000001f7c0000)]
  0x000000001d2dc000 JavaThread "Daemon periodic checks" [_thread_blocked, id=13476, stack(0x000000001ecc0000,0x000000001edc0000)]
  0x000000001cf90000 JavaThread "Incoming local TCP Connector on port 54523" [_thread_in_native, id=7372, stack(0x000000001e8a0000,0x000000001e9a0000)]
  0x000000001cdd4800 JavaThread "Daemon health stats" [_thread_blocked, id=13980, stack(0x000000001e580000,0x000000001e680000)]
  0x000000001b0a4800 JavaThread "Service Thread" daemon [_thread_blocked, id=3636, stack(0x000000001bbe0000,0x000000001bce0000)]
  0x000000001b005000 JavaThread "C1 CompilerThread3" daemon [_thread_blocked, id=3604, stack(0x000000001bae0000,0x000000001bbe0000)]
  0x000000001b001000 JavaThread "C2 CompilerThread2" daemon [_thread_blocked, id=3292, stack(0x000000001b9e0000,0x000000001bae0000)]
  0x000000001b000000 JavaThread "C2 CompilerThread1" daemon [_thread_blocked, id=6596, stack(0x000000001b8e0000,0x000000001b9e0000)]
  0x000000001affc800 JavaThread "C2 CompilerThread0" daemon [_thread_blocked, id=8020, stack(0x000000001b7e0000,0x000000001b8e0000)]
  0x000000001affb800 JavaThread "Attach Listener" daemon [_thread_blocked, id=3584, stack(0x000000001b6e0000,0x000000001b7e0000)]
  0x000000001afac000 JavaThread "Signal Dispatcher" daemon [_thread_blocked, id=3084, stack(0x000000001b5e0000,0x000000001b6e0000)]
  0x000000001af91800 JavaThread "Finalizer" daemon [_thread_blocked, id=12204, stack(0x000000001b370000,0x000000001b470000)]
  0x00000000052c9000 JavaThread "Reference Handler" daemon [_thread_blocked, id=6076, stack(0x000000001ae70000,0x000000001af70000)]
  0x0000000004e7d800 JavaThread "main" [_thread_blocked, id=1040, stack(0x0000000004d40000,0x0000000004e40000)]

Other Threads:
  0x0000000019089000 VMThread [stack: 0x000000001ad70000,0x000000001ae70000] [id=4152]
  0x000000001b0b8000 WatcherThread [stack: 0x000000001bce0000,0x000000001bde0000] [id=4608]

=>0x00000000051f4800 (exited) GCTaskThread [stack: 0x00000000152a0000,0x00000000153a0000] [id=14092]

VM state:at safepoint (normal execution)

VM Mutex/Monitor currently owned by a thread:  ([mutex/lock_event])
[0x0000000004e7cb50] Threads_lock - owner thread: 0x0000000019089000
[0x00000000051d1850] Heap_lock - owner thread: 0x00000000283c8800

Heap:
 PSYoungGen      total 349696K, used 168834K [0x00000000e0000000, 0x0000000100000000, 0x0000000100000000)
  eden space 175104K, 96% used [0x00000000e0000000,0x00000000ea4e0af8,0x00000000eab00000)
  from space 174592K, 0% used [0x00000000eab00000,0x00000000eab00000,0x00000000f5580000)
  to   space 174592K, 0% used [0x00000000f5580000,0x00000000f5580000,0x0000000100000000)
 ParOldGen       total 1048576K, used 1048527K [0x00000000a0000000, 0x00000000e0000000, 0x00000000e0000000)
  object space 1048576K, 99% used [0x00000000a0000000,0x00000000dfff3ca8,0x00000000e0000000)
 Metaspace       used 174937K, capacity 185128K, committed 194324K, reserved 1218560K
  class space    used 21758K, capacity 24129K, committed 26132K, reserved 1048576K

Card table byte_map: [0x0000000014690000,0x00000000149a0000] byte_map_base: 0x0000000014190000

Marking Bits: (ParMarkBitMap*) 0x0000000074890860
 Begin Bits: [0x00000000153a0000, 0x0000000016ba0000)
 End Bits:   [0x0000000016ba0000, 0x00000000183a0000)

Polling page: 0x0000000003570000

CodeCache: size=245760Kb used=119770Kb max_used=119807Kb free=125989Kb
 bounds [0x00000000052d0000, 0x000000000c890000, 0x00000000142d0000]
 total_blobs=31475 nmethods=30548 adapters=836
 compilation: enabled

Compilation events (10 events):
Event: 9631.456 Thread 0x000000001b005000 nmethod 48332 0x000000000c85ef90 code [0x000000000c85f360, 0x000000000c861658]
Event: 9631.492 Thread 0x000000001b005000 48333       3       sun.security.jca.ProviderList$ServiceList::addService (60 bytes)
Event: 9631.493 Thread 0x000000001b005000 nmethod 48333 0x000000000c8431d0 code [0x000000000c8433a0, 0x000000000c843c48]
Event: 9631.518 Thread 0x000000001affc800 48334       4       com.google.common.io.Closer::register (16 bytes)
Event: 9631.519 Thread 0x000000001affc800 nmethod 48334 0x00000000082905d0 code [0x0000000008290720, 0x0000000008290888]
Event: 9631.526 Thread 0x000000001b000000 nmethod 48237 0x000000000c878450 code [0x000000000c878940, 0x000000000c87f2a0]
Event: 9631.542 Thread 0x000000001b001000 48335       4       com.android.apkzlib.zip.InflaterByteSource::<init> (10 bytes)
Event: 9631.543 Thread 0x000000001b001000 nmethod 48335 0x00000000094eef10 code [0x00000000094ef040, 0x00000000094ef0b8]
Event: 9632.907 Thread 0x000000001b005000 48336       1       sun.nio.cs.US_ASCII$Encoder::implReplaceWith (8 bytes)
Event: 9632.907 Thread 0x000000001b005000 nmethod 48336 0x000000000b99a690 code [0x000000000b99a7e0, 0x000000000b99a910]

GC Heap History (10 events):
Event: 9627.483 GC heap after
Heap after GC invocations=195 (full 36):
 PSYoungGen      total 349696K, used 72110K [0x00000000e0000000, 0x0000000100000000, 0x0000000100000000)
  eden space 175104K, 0% used [0x00000000e0000000,0x00000000e0000000,0x00000000eab00000)
  from space 174592K, 41% used [0x00000000f5580000,0x00000000f9beb950,0x0000000100000000)
  to   space 174592K, 0% used [0x00000000eab00000,0x00000000eab00000,0x00000000f5580000)
 ParOldGen       total 1048576K, used 967435K [0x00000000a0000000, 0x00000000e0000000, 0x00000000e0000000)
  object space 1048576K, 92% used [0x00000000a0000000,0x00000000db0c2d60,0x00000000e0000000)
 Metaspace       used 171545K, capacity 181734K, committed 194324K, reserved 1218560K
  class space    used 21280K, capacity 23640K, committed 26132K, reserved 1048576K
}
Event: 9628.394 GC heap before
{Heap before GC invocations=196 (full 36):
 PSYoungGen      total 349696K, used 247214K [0x00000000e0000000, 0x0000000100000000, 0x0000000100000000)
  eden space 175104K, 100% used [0x00000000e0000000,0x00000000eab00000,0x00000000eab00000)
  from space 174592K, 41% used [0x00000000f5580000,0x00000000f9beb950,0x0000000100000000)
  to   space 174592K, 0% used [0x00000000eab00000,0x00000000eab00000,0x00000000f5580000)
 ParOldGen       total 1048576K, used 967435K [0x00000000a0000000, 0x00000000e0000000, 0x00000000e0000000)
  object space 1048576K, 92% used [0x00000000a0000000,0x00000000db0c2d60,0x00000000e0000000)
 Metaspace       used 174932K, capacity 185128K, committed 194324K, reserved 1218560K
  class space    used 21758K, capacity 24129K, committed 26132K, reserved 1048576K
Event: 9628.435 GC heap after
Heap after GC invocations=196 (full 36):
 PSYoungGen      total 349696K, used 125359K [0x00000000e0000000, 0x0000000100000000, 0x0000000100000000)
  eden space 175104K, 0% used [0x00000000e0000000,0x00000000e0000000,0x00000000eab00000)
  from space 174592K, 71% used [0x00000000eab00000,0x00000000f256be08,0x00000000f5580000)
  to   space 174592K, 0% used [0x00000000f5580000,0x00000000f5580000,0x0000000100000000)
 ParOldGen       total 1048576K, used 967443K [0x00000000a0000000, 0x00000000e0000000, 0x00000000e0000000)
  object space 1048576K, 92% used [0x00000000a0000000,0x00000000db0c4d60,0x00000000e0000000)
 Metaspace       used 174932K, capacity 185128K, committed 194324K, reserved 1218560K
  class space    used 21758K, capacity 24129K, committed 26132K, reserved 1048576K
}
Event: 9628.979 GC heap before
{Heap before GC invocations=197 (full 36):
 PSYoungGen      total 349696K, used 300463K [0x00000000e0000000, 0x0000000100000000, 0x0000000100000000)
  eden space 175104K, 100% used [0x00000000e0000000,0x00000000eab00000,0x00000000eab00000)
  from space 174592K, 71% used [0x00000000eab00000,0x00000000f256be08,0x00000000f5580000)
  to   space 174592K, 0% used [0x00000000f5580000,0x00000000f5580000,0x0000000100000000)
 ParOldGen       total 1048576K, used 967443K [0x00000000a0000000, 0x00000000e0000000, 0x00000000e0000000)
  object space 1048576K, 92% used [0x00000000a0000000,0x00000000db0c4d60,0x00000000e0000000)
 Metaspace       used 174935K, capacity 185128K, committed 194324K, reserved 1218560K
  class space    used 21758K, capacity 24129K, committed 26132K, reserved 1048576K
Event: 9629.189 GC heap after
Heap after GC invocations=197 (full 36):
 PSYoungGen      total 349696K, used 300463K [0x00000000e0000000, 0x0000000100000000, 0x0000000100000000)
  eden space 175104K, 100% used [0x00000000e0000000,0x00000000eab00000,0x00000000eab00000)
  from space 174592K, 71% used [0x00000000eab00000,0x00000000f256be08,0x00000000f5580000)
  to   space 174592K, 2% used [0x00000000f5580000,0x00000000f5a1e080,0x0000000100000000)
 ParOldGen       total 1048576K, used 1048575K [0x00000000a0000000, 0x00000000e0000000, 0x00000000e0000000)
  object space 1048576K, 99% used [0x00000000a0000000,0x00000000dffffdc8,0x00000000e0000000)
 Metaspace       used 174935K, capacity 185128K, committed 194324K, reserved 1218560K
  class space    used 21758K, capacity 24129K, committed 26132K, reserved 1048576K
}
Event: 9629.189 GC heap before
{Heap before GC invocations=198 (full 37):
 PSYoungGen      total 349696K, used 300463K [0x00000000e0000000, 0x0000000100000000, 0x0000000100000000)
  eden space 175104K, 100% used [0x00000000e0000000,0x00000000eab00000,0x00000000eab00000)
  from space 174592K, 71% used [0x00000000eab00000,0x00000000f256be08,0x00000000f5580000)
  to   space 174592K, 2% used [0x00000000f5580000,0x00000000f5a1e080,0x0000000100000000)
 ParOldGen       total 1048576K, used 1048575K [0x00000000a0000000, 0x00000000e0000000, 0x00000000e0000000)
  object space 1048576K, 99% used [0x00000000a0000000,0x00000000dffffdc8,0x00000000e0000000)
 Metaspace       used 174935K, capacity 185128K, committed 194324K, reserved 1218560K
  class space    used 21758K, capacity 24129K, committed 26132K, reserved 1048576K
Event: 9631.097 GC heap after
Heap after GC invocations=198 (full 37):
 PSYoungGen      total 349696K, used 33810K [0x00000000e0000000, 0x0000000100000000, 0x0000000100000000)
  eden space 175104K, 0% used [0x00000000e0000000,0x00000000e0000000,0x00000000eab00000)
  from space 174592K, 19% used [0x00000000eab00000,0x00000000ecc048a8,0x00000000f5580000)
  to   space 174592K, 0% used [0x00000000f5580000,0x00000000f5580000,0x0000000100000000)
 ParOldGen       total 1048576K, used 1048425K [0x00000000a0000000, 0x00000000e0000000, 0x00000000e0000000)
  object space 1048576K, 99% used [0x00000000a0000000,0x00000000dffda7f0,0x00000000e0000000)
 Metaspace       used 174935K, capacity 185128K, committed 194324K, reserved 1218560K
  class space    used 21758K, capacity 24129K, committed 26132K, reserved 1048576K
}
Event: 9631.545 GC heap before
{Heap before GC invocations=199 (full 38):
 PSYoungGen      total 349696K, used 208914K [0x00000000e0000000, 0x0000000100000000, 0x0000000100000000)
  eden space 175104K, 100% used [0x00000000e0000000,0x00000000eab00000,0x00000000eab00000)
  from space 174592K, 19% used [0x00000000eab00000,0x00000000ecc048a8,0x00000000f5580000)
  to   space 174592K, 0% used [0x00000000f5580000,0x00000000f5580000,0x0000000100000000)
 ParOldGen       total 1048576K, used 1048571K [0x00000000a0000000, 0x00000000e0000000, 0x00000000e0000000)
  object space 1048576K, 99% used [0x00000000a0000000,0x00000000dfffeed8,0x00000000e0000000)
 Metaspace       used 174937K, capacity 185128K, committed 194324K, reserved 1218560K
  class space    used 21758K, capacity 24129K, committed 26132K, reserved 1048576K
Event: 9632.902 GC heap after
Heap after GC invocations=199 (full 38):
 PSYoungGen      total 349696K, used 59542K [0x00000000e0000000, 0x0000000100000000, 0x0000000100000000)
  eden space 175104K, 34% used [0x00000000e0000000,0x00000000e3a25a80,0x00000000eab00000)
  from space 174592K, 0% used [0x00000000eab00000,0x00000000eab00000,0x00000000f5580000)
  to   space 174592K, 0% used [0x00000000f5580000,0x00000000f5580000,0x0000000100000000)
 ParOldGen       total 1048576K, used 1048527K [0x00000000a0000000, 0x00000000e0000000, 0x00000000e0000000)
  object space 1048576K, 99% used [0x00000000a0000000,0x00000000dfff3ca8,0x00000000e0000000)
 Metaspace       used 174937K, capacity 185128K, committed 194324K, reserved 1218560K
  class space    used 21758K, capacity 24129K, committed 26132K, reserved 1048576K
}
Event: 9633.083 GC heap before
{Heap before GC invocations=200 (full 39):
 PSYoungGen      total 349696K, used 168834K [0x00000000e0000000, 0x0000000100000000, 0x0000000100000000)
  eden space 175104K, 96% used [0x00000000e0000000,0x00000000ea4e0af8,0x00000000eab00000)
  from space 174592K, 0% used [0x00000000eab00000,0x00000000eab00000,0x00000000f5580000)
  to   space 174592K, 0% used [0x00000000f5580000,0x00000000f5580000,0x0000000100000000)
 ParOldGen       total 1048576K, used 1048527K [0x00000000a0000000, 0x00000000e0000000, 0x00000000e0000000)
  object space 1048576K, 99% used [0x00000000a0000000,0x00000000dfff3ca8,0x00000000e0000000)
 Metaspace       used 174937K, capacity 185128K, committed 194324K, reserved 1218560K
  class space    used 21758K, capacity 24129K, committed 26132K, reserved 1048576K

Deoptimization events (10 events):
Event: 9627.207 Thread 0x000000001c1e7000 Uncommon trap: reason=class_check action=maybe_recompile pc=0x000000000b0f1ae4 method=org.antlr.v4.runtime.atn.ATNConfigSet$ConfigEqualityComparator.hashCode(Lorg/antlr/v4/runtime/atn/ATNConfig;)I @ 34
Event: 9627.207 Thread 0x000000001c1e7000 Uncommon trap: reason=class_check action=maybe_recompile pc=0x000000000b0f1ae4 method=org.antlr.v4.runtime.atn.ATNConfigSet$ConfigEqualityComparator.hashCode(Lorg/antlr/v4/runtime/atn/ATNConfig;)I @ 34
Event: 9627.207 Thread 0x000000001c1e7000 Uncommon trap: reason=class_check action=maybe_recompile pc=0x000000000b0f1ae4 method=org.antlr.v4.runtime.atn.ATNConfigSet$ConfigEqualityComparator.hashCode(Lorg/antlr/v4/runtime/atn/ATNConfig;)I @ 34
Event: 9627.207 Thread 0x000000001c1e7000 Uncommon trap: reason=class_check action=maybe_recompile pc=0x000000000b0f1ae4 method=org.antlr.v4.runtime.atn.ATNConfigSet$ConfigEqualityComparator.hashCode(Lorg/antlr/v4/runtime/atn/ATNConfig;)I @ 34
Event: 9627.207 Thread 0x000000001c1e7000 Uncommon trap: reason=class_check action=maybe_recompile pc=0x000000000b0f0e90 method=org.antlr.v4.runtime.atn.ATNConfigSet$ConfigEqualityComparator.hashCode(Lorg/antlr/v4/runtime/atn/ATNConfig;)I @ 34
Event: 9627.209 Thread 0x000000001c1e7000 Uncommon trap: reason=class_check action=maybe_recompile pc=0x000000000b0e2534 method=org.antlr.v4.runtime.atn.ATNConfigSet$ConfigEqualityComparator.hashCode(Lorg/antlr/v4/runtime/atn/ATNConfig;)I @ 34
Event: 9627.210 Thread 0x000000001c1e7000 Uncommon trap: reason=bimorphic action=maybe_recompile pc=0x000000000b0eb4e4 method=org.antlr.v4.runtime.atn.SingletonPredictionContext.equals(Ljava/lang/Object;)Z @ 60
Event: 9627.210 Thread 0x000000001c1e7000 Uncommon trap: reason=bimorphic action=maybe_recompile pc=0x000000000b0eb4e4 method=org.antlr.v4.runtime.atn.SingletonPredictionContext.equals(Ljava/lang/Object;)Z @ 60
Event: 9628.891 Thread 0x00000000217cf800 Uncommon trap: reason=array_check action=maybe_recompile pc=0x0000000006d8c2e0 method=java.util.ComparableTimSort.mergeLo(IIII)V @ 240
Event: 9628.943 Thread 0x00000000217d0000 Uncommon trap: reason=class_check action=maybe_recompile pc=0x000000000a39b340 method=com.android.dx.ssa.ConstCollector.getConstsSortedByCountUse()Ljava/util/ArrayList; @ 282

Classes redefined (0 events):
No events

Internal exceptions (10 events):
Event: 9625.057 Thread 0x00000000217d4800 Exception <a 'sun/nio/fs/WindowsException'> (0x00000000e71f7ea0) thrown at [C:\re\workspace\8-2-build-windows-amd64-cygwin\jdk8u162\10278\hotspot\src\share\vm\prims\jni.cpp, line 709]
Event: 9627.328 Thread 0x000000001c1e7000 Exception <a 'java/lang/NoSuchMethodError': <clinit>> (0x00000000e79a2fe8) thrown at [C:\re\workspace\8-2-build-windows-amd64-cygwin\jdk8u162\10278\hotspot\src\share\vm\prims\jni.cpp, line 1613]
Event: 9627.503 Thread 0x000000001c1e7000 Exception <a 'java/lang/ClassNotFoundException': com/sun/org/glassfish/hk2/osgiresourcelocator/ServiceLoader> (0x00000000e10244c8) thrown at [C:\re\workspace\8-2-build-windows-amd64-cygwin\jdk8u162\10278\hotspot\src\share\vm\classfile\systemDictionary.cpp
Event: 9628.856 Thread 0x00000000217cf800 Exception <a 'sun/nio/fs/WindowsException'> (0x00000000e241e8f8) thrown at [C:\re\workspace\8-2-build-windows-amd64-cygwin\jdk8u162\10278\hotspot\src\share\vm\prims\jni.cpp, line 709]
Event: 9628.856 Thread 0x00000000217d4800 Exception <a 'sun/nio/fs/WindowsException'> (0x00000000e23b3368) thrown at [C:\re\workspace\8-2-build-windows-amd64-cygwin\jdk8u162\10278\hotspot\src\share\vm\prims\jni.cpp, line 709]
Event: 9628.856 Thread 0x00000000217d0000 Exception <a 'sun/nio/fs/WindowsException'> (0x00000000e23e4fa0) thrown at [C:\re\workspace\8-2-build-windows-amd64-cygwin\jdk8u162\10278\hotspot\src\share\vm\prims\jni.cpp, line 709]
Event: 9628.858 Thread 0x00000000283c8800 Exception <a 'sun/nio/fs/WindowsException'> (0x00000000e24ca3f8) thrown at [C:\re\workspace\8-2-build-windows-amd64-cygwin\jdk8u162\10278\hotspot\src\share\vm\prims\jni.cpp, line 709]
Event: 9628.860 Thread 0x00000000283d0000 Exception <a 'sun/nio/fs/WindowsException'> (0x00000000e2537760) thrown at [C:\re\workspace\8-2-build-windows-amd64-cygwin\jdk8u162\10278\hotspot\src\share\vm\prims\jni.cpp, line 709]
Event: 9628.877 Thread 0x000000001c866000 Exception <a 'sun/nio/fs/WindowsException'> (0x00000000e38db908) thrown at [C:\re\workspace\8-2-build-windows-amd64-cygwin\jdk8u162\10278\hotspot\src\share\vm\prims\jni.cpp, line 709]
Event: 9628.889 Thread 0x000000001c865800 Exception <a 'sun/nio/fs/WindowsException'> (0x00000000e4200cb0) thrown at [C:\re\workspace\8-2-build-windows-amd64-cygwin\jdk8u162\10278\hotspot\src\share\vm\prims\jni.cpp, line 709]

Events (10 events):
Event: 9631.497 Thread 0x000000001c869000 Thread added: 0x000000001c869000
Event: 9631.497 Executing VM operation: RevokeBias
Event: 9631.497 Executing VM operation: RevokeBias done
Event: 9631.544 Executing VM operation: ParallelGCFailedAllocation
Event: 9631.544 Executing VM operation: ParallelGCFailedAllocation done
Event: 9631.545 Executing VM operation: ParallelGCSystemGC
Event: 9632.902 Executing VM operation: ParallelGCSystemGC done
Event: 9633.083 Executing VM operation: ParallelGCFailedAllocation
Event: 9633.083 Executing VM operation: ParallelGCFailedAllocation done
Event: 9633.083 Executing VM operation: ParallelGCFailedAllocation


Dynamic libraries:
0x00007ff6d9ec0000 - 0x00007ff6d9ef7000 	E:\work\tools\Java\jdk1.8.0_162\bin\java.exe
0x00007fffd5500000 - 0x00007fffd56e0000 	C:\WINDOWS\SYSTEM32\ntdll.dll
0x00007fffd3130000 - 0x00007fffd31de000 	C:\WINDOWS\System32\KERNEL32.DLL
0x00007fffd2310000 - 0x00007fffd2576000 	C:\WINDOWS\System32\KERNELBASE.dll
0x00007fffd2fb0000 - 0x00007fffd3051000 	C:\WINDOWS\System32\ADVAPI32.dll
0x00007fffd3b40000 - 0x00007fffd3bdd000 	C:\WINDOWS\System32\msvcrt.dll
0x00007fffd2b90000 - 0x00007fffd2beb000 	C:\WINDOWS\System32\sechost.dll
0x00007fffd5370000 - 0x00007fffd548f000 	C:\WINDOWS\System32\RPCRT4.dll
0x00007fffd3c50000 - 0x00007fffd3ddf000 	C:\WINDOWS\System32\USER32.dll
0x00007fffd1b50000 - 0x00007fffd1b70000 	C:\WINDOWS\System32\win32u.dll
0x00007fffd5490000 - 0x00007fffd54b8000 	C:\WINDOWS\System32\GDI32.dll
0x00007fffd19b0000 - 0x00007fffd1b43000 	C:\WINDOWS\System32\gdi32full.dll
0x00007fffd2930000 - 0x00007fffd29cb000 	C:\WINDOWS\System32\msvcp_win.dll
0x00007fffd2830000 - 0x00007fffd2926000 	C:\WINDOWS\System32\ucrtbase.dll
0x00007fffca890000 - 0x00007fffcaaf9000 	C:\WINDOWS\WinSxS\amd64_microsoft.windows.common-controls_6595b64144ccf1df_6.0.16299.309_none_15cfd4c4935e6b11\COMCTL32.dll
0x00007fffd3820000 - 0x00007fffd3b28000 	C:\WINDOWS\System32\combase.dll
0x00007fffd27b0000 - 0x00007fffd2822000 	C:\WINDOWS\System32\bcryptPrimitives.dll
0x00007fffd37f0000 - 0x00007fffd381d000 	C:\WINDOWS\System32\IMM32.DLL
0x0000000074910000 - 0x00000000749e1000 	E:\work\tools\Java\jdk1.8.0_162\jre\bin\msvcr100.dll
0x0000000074070000 - 0x0000000074910000 	E:\work\tools\Java\jdk1.8.0_162\jre\bin\server\jvm.dll
0x00007fffd3b30000 - 0x00007fffd3b38000 	C:\WINDOWS\System32\PSAPI.DLL
0x00007fffbfa80000 - 0x00007fffbfa89000 	C:\WINDOWS\SYSTEM32\WSOCK32.dll
0x00007fffce920000 - 0x00007fffce943000 	C:\WINDOWS\SYSTEM32\WINMM.dll
0x00007fffcb220000 - 0x00007fffcb22a000 	C:\WINDOWS\SYSTEM32\VERSION.dll
0x00007fffd3be0000 - 0x00007fffd3c4c000 	C:\WINDOWS\System32\WS2_32.dll
0x00007fffce8c0000 - 0x00007fffce8ea000 	C:\WINDOWS\SYSTEM32\winmmbase.dll
0x00007fffd22c0000 - 0x00007fffd230a000 	C:\WINDOWS\System32\cfgmgr32.dll
0x0000000074060000 - 0x000000007406f000 	E:\work\tools\Java\jdk1.8.0_162\jre\bin\verify.dll
0x0000000074030000 - 0x0000000074059000 	E:\work\tools\Java\jdk1.8.0_162\jre\bin\java.dll
0x0000000074010000 - 0x0000000074026000 	E:\work\tools\Java\jdk1.8.0_162\jre\bin\zip.dll
0x00007fffd3f30000 - 0x00007fffd5366000 	C:\WINDOWS\System32\SHELL32.dll
0x00007fffd3630000 - 0x00007fffd36d6000 	C:\WINDOWS\System32\shcore.dll
0x00007fffd1b70000 - 0x00007fffd22b7000 	C:\WINDOWS\System32\windows.storage.dll
0x00007fffd3de0000 - 0x00007fffd3e31000 	C:\WINDOWS\System32\shlwapi.dll
0x00007fffd1870000 - 0x00007fffd1881000 	C:\WINDOWS\System32\kernel.appcore.dll
0x00007fffd18b0000 - 0x00007fffd18fc000 	C:\WINDOWS\System32\powrprof.dll
0x00007fffd1850000 - 0x00007fffd186b000 	C:\WINDOWS\System32\profapi.dll
0x0000000073ff0000 - 0x000000007400a000 	E:\work\tools\Java\jdk1.8.0_162\jre\bin\net.dll
0x00007fffd1050000 - 0x00007fffd10b6000 	C:\WINDOWS\system32\mswsock.dll
0x0000000073fd0000 - 0x0000000073fe1000 	E:\work\tools\Java\jdk1.8.0_162\jre\bin\nio.dll
0x00007fffca6e0000 - 0x00007fffca6fe000 	C:\Users\zhu\.gradle\native\25\windows-amd64\native-platform.dll
0x0000000073fc0000 - 0x0000000073fcd000 	E:\work\tools\Java\jdk1.8.0_162\jre\bin\management.dll
0x00007fffd1210000 - 0x00007fffd1227000 	C:\WINDOWS\SYSTEM32\CRYPTSP.dll
0x00007fffd0c50000 - 0x00007fffd0c83000 	C:\WINDOWS\system32\rsaenh.dll
0x00007fffd1320000 - 0x00007fffd1345000 	C:\WINDOWS\SYSTEM32\bcrypt.dll
0x00007fffd1780000 - 0x00007fffd17a9000 	C:\WINDOWS\SYSTEM32\USERENV.dll
0x00007fffd1230000 - 0x00007fffd123b000 	C:\WINDOWS\SYSTEM32\CRYPTBASE.dll
0x00007fffd0de0000 - 0x00007fffd0e19000 	C:\WINDOWS\SYSTEM32\IPHLPAPI.DLL
0x00007fffd54c0000 - 0x00007fffd54c8000 	C:\WINDOWS\System32\NSI.dll
0x00007fffcce10000 - 0x00007fffcce26000 	C:\WINDOWS\SYSTEM32\dhcpcsvc6.DLL
0x00007fffccdf0000 - 0x00007fffcce0a000 	C:\WINDOWS\SYSTEM32\dhcpcsvc.DLL
0x0000000073f70000 - 0x0000000073f94000 	E:\work\tools\Java\jdk1.8.0_162\jre\bin\sunec.dll
0x00007fffd0e20000 - 0x00007fffd0ed6000 	C:\WINDOWS\SYSTEM32\DNSAPI.dll
0x00007fffcb230000 - 0x00007fffcb23a000 	C:\Windows\System32\rasadhlp.dll
0x00007fffcb750000 - 0x00007fffcb7c0000 	C:\WINDOWS\System32\fwpuclnt.dll
0x0000000073f60000 - 0x0000000073f6b000 	E:\work\tools\Java\jdk1.8.0_162\jre\bin\sunmscapi.dll
0x00007fffd2580000 - 0x00007fffd274e000 	C:\WINDOWS\System32\CRYPT32.dll
0x00007fffd1890000 - 0x00007fffd18a2000 	C:\WINDOWS\System32\MSASN1.dll
0x00007fffd0950000 - 0x00007fffd0981000 	C:\WINDOWS\SYSTEM32\ntmarta.dll
0x0000000020d90000 - 0x0000000020e82000 	C:\Users\zhu\AppData\Local\Temp\room-17972d3e-6bed-46e9-9f0c-641d52cacdbf\sqlite-3.20.1-89e3bec1-869e-490f-aa27-322cb16cb880-sqlitejdbc.dll
0x0000000021f50000 - 0x0000000022042000 	C:\Users\zhu\AppData\Local\Temp\room-737e55ed-037c-4a7a-b295-7b160051300e\sqlite-3.20.1-b5fd72a4-984d-4ae2-bc47-66fbee6bede0-sqlitejdbc.dll
0x0000000022330000 - 0x0000000022422000 	C:\Users\zhu\AppData\Local\Temp\room-813e9ffc-f7c7-40a8-975c-510d2b11a56d\sqlite-3.20.1-c06e663e-02cf-4caf-aabf-4dc0afa44e81-sqlitejdbc.dll
0x00000000248c0000 - 0x00000000249b2000 	C:\Users\zhu\AppData\Local\Temp\room-a3f45b10-16d6-47c0-9b0b-f985bba8082b\sqlite-3.20.1-aadf565f-06c3-451c-91f0-5144b043d011-sqlitejdbc.dll
0x000000006adc0000 - 0x000000006aeb2000 	C:\Users\zhu\AppData\Local\Temp\room-bfbdfb27-4d2c-4c42-a4c7-5689cc070c4c\sqlite-3.20.1-f0549f21-bd3f-4d5a-99fa-1e2dd6f5da63-sqlitejdbc.dll
0x000000001b4d0000 - 0x000000001b5c2000 	C:\Users\zhu\AppData\Local\Temp\room-4b3ba794-3a19-4805-85c3-22a0249e9ebb\sqlite-3.20.1-58ba408e-92e8-4ee9-9ee9-30557de277d6-sqlitejdbc.dll
0x00007fffad8f0000 - 0x00007fffadab8000 	C:\WINDOWS\SYSTEM32\dbghelp.dll

VM Arguments:
jvm_args: -Xmx1536m -Dfile.encoding=GBK -Duser.country=CN -Duser.language=zh -Duser.variant 
java_command: org.gradle.launcher.daemon.bootstrap.GradleDaemon 4.1
java_class_path (initial): C:\Users\zhu\.gradle\wrapper\dists\gradle-4.1-all\bzyivzo6n839fup2jbap0tjew\gradle-4.1\lib\gradle-launcher-4.1.jar
Launcher Type: SUN_STANDARD

Environment Variables:
JAVA_HOME=E:\work\tools\Java\jdk1.8.0_162
CLASSPATH=.;E:\work\tools\Java\jdk1.8.0_162\lib;E:\work\tools\Java\jdk1.8.0_162\lib\tools.jar
PATH=C:\ProgramData\Oracle\Java\javapath;C:\WINDOWS\system32;C:\WINDOWS;C:\WINDOWS\System32\Wbem;C:\WINDOWS\System32\WindowsPowerShell\v1.0\;E:\work\tools\Java\jdk1.8.0_162\bin;E:\work\tools\Java\jdk1.8.0_162\jre\bin;C:\Users\zhu\AppData\Local\Programs\Python\Python36;E:\work\tools\Git\cmd;C:\Program Files\TortoiseGit\bin;E:\work\Android\Android Studio\gradle\gradle-4.1\bin;C:\Program Files\nodejs\;C:\Users\zhu\AppData\Local\Microsoft\WindowsApps;C:\Users\zhu\AppData\Roaming\npm
USERNAME=zhu
OS=Windows_NT
PROCESSOR_IDENTIFIER=Intel64 Family 6 Model 158 Stepping 9, GenuineIntel



---------------  S Y S T E M  ---------------

OS: Windows 10.0 , 64 bit Build 16299 (10.0.16299.15)

CPU:total 8 (initial active 8) (4 cores per cpu, 2 threads per core) family 6 model 158 stepping 9, cmov, cx8, fxsr, mmx, sse, sse2, sse3, ssse3, sse4.1, sse4.2, popcnt, avx, avx2, aes, clmul, erms, rtm, 3dnowpref, lzcnt, ht, tsc, tscinvbit, bmi1, bmi2, adx

Memory: 4k page, physical 16641956k(7610472k free), swap 19132324k(4924448k free)

vm_info: Java HotSpot(TM) 64-Bit Server VM (25.162-b12) for windows-amd64 JRE (1.8.0_162-b12), built on Dec 19 2017 20:00:03 by "java_re" with MS VC++ 10.0 (VS2010)

time: Tue May 29 14:07:15 2018
elapsed time: 9633 seconds (0d 2h 40m 33s)

